<?xml version="1.0" encoding="UTF-8"?>
<!-- Generated by org.testng.reporters.JUnitXMLReporter -->
<testsuite ignored="0" hostname="DESKTOP-UAC0RHQ" failures="0" tests="5" name="chrometest" time="53.312" errors="0" timestamp="2024-11-27T22:37:20 IST">
  <testcase classname="testCases.TC_003_LoginDDT" name="verify_loginDDT" time="2.861"/>
  <testcase classname="testCases.TC_003_LoginDDT" name="verify_loginDDT" time="11.808"/>
  <testcase classname="testCases.TC_003_LoginDDT" name="verify_loginDDT" time="11.639"/>
  <testcase classname="testCases.TC_003_LoginDDT" name="verify_loginDDT" time="11.538"/>
  <testcase classname="testCases.TC_003_LoginDDT" name="verify_loginDDT" time="2.167"/>
</testsuite> <!-- chrometest -->
