<?xml version="1.0" encoding="UTF-8"?>
<!-- Generated by org.testng.reporters.JUnitXMLReporter -->
<testsuite ignored="0" hostname="DESKTOP-UAC0RHQ" failures="0" tests="5" name="chrometest" time="61.706" errors="0" timestamp="2025-06-12T20:47:35 IST">
  <testcase classname="testCases.TC_003_LoginDDT" name="verify_loginDDT" time="3.119"/>
  <testcase classname="testCases.TC_003_LoginDDT" name="verify_loginDDT" time="11.602"/>
  <testcase classname="testCases.TC_003_LoginDDT" name="verify_loginDDT" time="11.734"/>
  <testcase classname="testCases.TC_003_LoginDDT" name="verify_loginDDT" time="11.617"/>
  <testcase classname="testCases.TC_003_LoginDDT" name="verify_loginDDT" time="2.103"/>
</testsuite> <!-- chrometest -->
