<?xml version="1.0" encoding="UTF-8"?>
<!-- Generated by org.testng.reporters.JUnitXMLReporter -->
<testsuite ignored="0" hostname="DESKTOP-UAC0RHQ" failures="0" tests="6" name="OpenCart Test" time="75.36" errors="0" timestamp="2025-09-24T02:50:25 IST">
  <testcase classname="testCases.TC_002_LoginTest" name="verify_login" time="10.443"/>
  <testcase classname="testCases.TC_003_LoginDDT" name="verify_loginDDT" time="3.076"/>
  <testcase classname="testCases.TC_003_LoginDDT" name="verify_loginDDT" time="11.641"/>
  <testcase classname="testCases.TC_003_LoginDDT" name="verify_loginDDT" time="11.484"/>
  <testcase classname="testCases.TC_003_LoginDDT" name="verify_loginDDT" time="13.259"/>
  <testcase classname="testCases.TC_003_LoginDDT" name="verify_loginDDT" time="2.462"/>
</testsuite> <!-- OpenCart Test -->
