<?xml version="1.0" encoding="UTF-8"?>
<!-- Generated by org.testng.reporters.JUnitXMLReporter -->
<testsuite ignored="0" hostname="DESKTOP-UAC0RHQ" failures="0" tests="4" name="chrometest" time="79.706" errors="0" timestamp="2025-07-21T19:20:36 IST">
  <testcase classname="testCases.TC_001_AccountRegistrationTest" name="verify_account_registration" time="4.979"/>
  <testcase classname="testCases.TC_002_LoginTest" name="verify_login" time="2.723"/>
  <testcase classname="testCases.TC_003_LoginDDT" name="verify_loginDDT" time="3.641"/>
  <testcase classname="testCases.TC_003_LoginDDT" name="verify_loginDDT" time="12.133"/>
</testsuite> <!-- chrometest -->
